<!DOCTYPE html PUBLIC "-//W3C//DTD XHTML 1.1//EN" "http://www.w3.org/TR/xhtml11/DTD/xhtml11.dtd">
<html xmlns="http://www.w3.org/1999/xhtml"><head><title>TestNG Report</title><style type="text/css">table {margin-bottom:10px;border-collapse:collapse;empty-cells:show}th,td {border:1px solid #009;padding:.25em .5em}th {vertical-align:bottom}td {vertical-align:top}table a {font-weight:bold}.stripe td {background-color: #E6EBF9}.num {text-align:right}.passedodd td {background-color: #3F3}.passedeven td {background-color: #0A0}.skippedodd td {background-color: #DDD}.skippedeven td {background-color: #CCC}.failedodd td,.attn {background-color: #F33}.failedeven td,.stripe .attn {background-color: #D00}.stacktrace {white-space:pre;font-family:monospace}.totop {font-size:85%;text-align:center;border-bottom:2px solid #000}</style></head><body><table><tr><th>Test</th><th># Passed</th><th># Skipped</th><th># Failed</th><th>Time (ms)</th><th>Included Groups</th><th>Excluded Groups</th></tr><tr><th colspan="7">Suite</th></tr><tr><td><a href="#t0">Test</a></td><td class="num">0</td><td class="num">0</td><td class="num attn">14</td><td class="num">36,056</td><td></td><td></td></tr></table><table><thead><tr><th>Class</th><th>Method</th><th>Start</th><th>Time (ms)</th></tr></thead><tbody><tr><th colspan="4">Suite</th></tr></tbody><tbody id="t0"><tr><th colspan="4">Test &#8212; failed</th></tr><tr class="failedeven"><td rowspan="1">vodafone.scripts.AppSettingsTestCase</td><td><a href="#m0">AppSettings</a></td><td rowspan="1">1600767799211</td><td rowspan="1">4</td></tr><tr class="failedodd"><td rowspan="1">vodafone.scripts.BannersScrollingTestCase</td><td><a href="#m1">BannerscrollingPage</a></td><td rowspan="1">1600767799047</td><td rowspan="1">88</td></tr><tr class="failedeven"><td rowspan="1">vodafone.scripts.BitratesTestCase</td><td><a href="#m2">BitratePage</a></td><td rowspan="1">1600767799138</td><td rowspan="1">1</td></tr><tr class="failedodd"><td rowspan="1">vodafone.scripts.CLanguageTestCase</td><td><a href="#m3">CLanguagePage</a></td><td rowspan="1">1600767799224</td><td rowspan="1">1</td></tr><tr class="failedeven"><td rowspan="1">vodafone.scripts.CPiconTestCase</td><td><a href="#m4">CPicon</a></td><td rowspan="1">1600767799226</td><td rowspan="1">1</td></tr><tr class="failedodd"><td rowspan="1">vodafone.scripts.DownloadTestCase</td><td><a href="#m5">DownloadPage</a></td><td rowspan="1">1600767799165</td><td rowspan="1">36</td></tr><tr class="failedeven"><td rowspan="1">vodafone.scripts.ExitappTestCase</td><td><a href="#m6">Exitapp</a></td><td rowspan="1">1600767799228</td><td rowspan="1">36</td></tr><tr class="failedodd"><td rowspan="1">vodafone.scripts.FullScreenTestCase</td><td><a href="#m7">FullScreenPage</a></td><td rowspan="1">1600767799135</td><td rowspan="1">2</td></tr><tr class="failedeven"><td rowspan="1">vodafone.scripts.HelpPageTestCase</td><td><a href="#m8">HelpPage</a></td><td rowspan="1">1600767799217</td><td rowspan="1">2</td></tr><tr class="failedodd"><td rowspan="1">vodafone.scripts.MoviesFilterTestCase</td><td><a href="#m9">MovieFilter</a></td><td rowspan="1">1600767799203</td><td rowspan="1">5</td></tr><tr class="failedeven"><td rowspan="1">vodafone.scripts.MyDevicesTestCase</td><td><a href="#m10">MyDevicesPage</a></td><td rowspan="1">1600767799221</td><td rowspan="1">2</td></tr><tr class="failedodd"><td rowspan="1">vodafone.scripts.MyWatchlistTestCase</td><td><a href="#m11">Mywatchlist</a></td><td rowspan="1">1600767799162</td><td rowspan="1">2</td></tr><tr class="failedeven"><td rowspan="1">vodafone.scripts.SearchTestCase</td><td><a href="#m12">Search</a></td><td rowspan="1">1600767799140</td><td rowspan="1">22</td></tr><tr class="failedodd"><td rowspan="1">vodafone.scripts.launchApptestcase</td><td><a href="#m13">Applunch</a></td><td rowspan="1">1600767763217</td><td rowspan="1">35827</td></tr></tbody></table><h2>Test</h2><h3 id="m0">vodafone.scripts.AppSettingsTestCase#AppSettings</h3><table class="result"><tr><th>Exception</th></tr><tr><td><div class="stacktrace">java.lang.IllegalArgumentException: Can not set static io.appium.java_client.android.AndroidElement field objectRepositary.AppSettings_OR.PrintText to org.openqa.selenium.remote.RemoteWebElement$$EnhancerByCGLIB$$d27c0df4
	at org.openqa.selenium.support.PageFactory.proxyFields(PageFactory.java:117)
	at org.openqa.selenium.support.PageFactory.initElements(PageFactory.java:105)
	at objectRepositary.AppSettings_OR.&lt;init&gt;(AppSettings_OR.java:14)
	at vodafone.pages.AppSettings.&lt;init&gt;(AppSettings.java:18)
	at vodafone.scripts.AppSettingsTestCase.AppSettings(AppSettingsTestCase.java:15)
... Removed 28 stack frames</div></td></tr></table><p class="totop"><a href="#summary">back to summary</a></p><h3 id="m1">vodafone.scripts.BannersScrollingTestCase#BannerscrollingPage</h3><table class="result"><tr><th>Exception</th></tr><tr><td><div class="stacktrace">java.lang.IllegalArgumentException: Can not set static io.appium.java_client.android.AndroidElement field objectRepositary.BannersScrolling_OR.Bannerchange to org.openqa.selenium.remote.RemoteWebElement$$EnhancerByCGLIB$$d27c0df4
	at org.openqa.selenium.support.PageFactory.proxyFields(PageFactory.java:117)
	at org.openqa.selenium.support.PageFactory.initElements(PageFactory.java:105)
	at objectRepositary.BannersScrolling_OR.&lt;init&gt;(BannersScrolling_OR.java:13)
	at vodafone.pages.BannersScrollingpage.&lt;init&gt;(BannersScrollingpage.java:19)
	at vodafone.scripts.BannersScrollingTestCase.BannerscrollingPage(BannersScrollingTestCase.java:16)
... Removed 28 stack frames</div></td></tr></table><p class="totop"><a href="#summary">back to summary</a></p><h3 id="m2">vodafone.scripts.BitratesTestCase#BitratePage</h3><table class="result"><tr><th>Exception</th></tr><tr><td><div class="stacktrace">java.lang.IllegalArgumentException: Can not set static io.appium.java_client.android.AndroidElement field objectRepositary.Bitrates_OR.downarrow to org.openqa.selenium.remote.RemoteWebElement$$EnhancerByCGLIB$$d27c0df4
	at org.openqa.selenium.support.PageFactory.proxyFields(PageFactory.java:117)
	at org.openqa.selenium.support.PageFactory.initElements(PageFactory.java:105)
	at objectRepositary.Bitrates_OR.&lt;init&gt;(Bitrates_OR.java:16)
	at vodafone.pages.BitratePage.&lt;init&gt;(BitratePage.java:21)
	at vodafone.scripts.BitratesTestCase.BitratePage(BitratesTestCase.java:16)
... Removed 28 stack frames</div></td></tr></table><p class="totop"><a href="#summary">back to summary</a></p><h3 id="m3">vodafone.scripts.CLanguageTestCase#CLanguagePage</h3><table class="result"><tr><th>Exception</th></tr><tr><td><div class="stacktrace">java.lang.IllegalArgumentException: Can not set static io.appium.java_client.android.AndroidElement field objectRepositary.ContentLanguages_OR.HambergerMenu to org.openqa.selenium.remote.RemoteWebElement$$EnhancerByCGLIB$$d27c0df4
	at org.openqa.selenium.support.PageFactory.proxyFields(PageFactory.java:117)
	at org.openqa.selenium.support.PageFactory.initElements(PageFactory.java:105)
	at objectRepositary.ContentLanguages_OR.&lt;init&gt;(ContentLanguages_OR.java:15)
	at vodafone.pages.CLanguagePage.&lt;init&gt;(CLanguagePage.java:29)
	at vodafone.scripts.CLanguageTestCase.CLanguagePage(CLanguageTestCase.java:12)
... Removed 28 stack frames</div></td></tr></table><p class="totop"><a href="#summary">back to summary</a></p><h3 id="m4">vodafone.scripts.CPiconTestCase#CPicon</h3><table class="result"><tr><th>Exception</th></tr><tr><td><div class="stacktrace">java.lang.IllegalArgumentException: Can not set static io.appium.java_client.android.AndroidElement field objectRepositary.CPicons_OR.clickHambergerMenu to org.openqa.selenium.remote.RemoteWebElement$$EnhancerByCGLIB$$d27c0df4
	at org.openqa.selenium.support.PageFactory.proxyFields(PageFactory.java:117)
	at org.openqa.selenium.support.PageFactory.initElements(PageFactory.java:105)
	at objectRepositary.CPicons_OR.&lt;init&gt;(CPicons_OR.java:16)
	at vodafone.pages.CPiconsPage1.&lt;init&gt;(CPiconsPage1.java:26)
	at vodafone.scripts.CPiconTestCase.CPicon(CPiconTestCase.java:21)
... Removed 28 stack frames</div></td></tr></table><p class="totop"><a href="#summary">back to summary</a></p><h3 id="m5">vodafone.scripts.DownloadTestCase#DownloadPage</h3><table class="result"><tr><th>Exception</th></tr><tr><td><div class="stacktrace">java.lang.IllegalArgumentException: Can not set static io.appium.java_client.android.AndroidElement field objectRepositary.Download_OR.clickMovies to org.openqa.selenium.remote.RemoteWebElement$$EnhancerByCGLIB$$d27c0df4
	at org.openqa.selenium.support.PageFactory.proxyFields(PageFactory.java:117)
	at org.openqa.selenium.support.PageFactory.initElements(PageFactory.java:105)
	at vodafone.pages.DownloadPage.&lt;init&gt;(DownloadPage.java:20)
	at vodafone.scripts.DownloadTestCase.DownloadPage(DownloadTestCase.java:13)
... Removed 28 stack frames</div></td></tr></table><p class="totop"><a href="#summary">back to summary</a></p><h3 id="m6">vodafone.scripts.ExitappTestCase#Exitapp</h3><table class="result"><tr><th>Exception</th></tr><tr><td><div class="stacktrace">java.lang.IllegalArgumentException: Can not set static io.appium.java_client.android.AndroidElement field objectRepositary.ExitApp_OR.Exitpopupheading to org.openqa.selenium.remote.RemoteWebElement$$EnhancerByCGLIB$$d27c0df4
	at org.openqa.selenium.support.PageFactory.proxyFields(PageFactory.java:117)
	at org.openqa.selenium.support.PageFactory.initElements(PageFactory.java:105)
	at objectRepositary.ExitApp_OR.&lt;init&gt;(ExitApp_OR.java:13)
	at vodafone.pages.ExitappPage.&lt;init&gt;(ExitappPage.java:27)
	at vodafone.scripts.ExitappTestCase.Exitapp(ExitappTestCase.java:17)
... Removed 28 stack frames</div></td></tr></table><p class="totop"><a href="#summary">back to summary</a></p><h3 id="m7">vodafone.scripts.FullScreenTestCase#FullScreenPage</h3><table class="result"><tr><th>Exception</th></tr><tr><td><div class="stacktrace">java.lang.IllegalArgumentException: Can not set static io.appium.java_client.android.AndroidElement field objectRepositary.FullScreen_OR.PartnerName to org.openqa.selenium.remote.RemoteWebElement$$EnhancerByCGLIB$$d27c0df4
	at org.openqa.selenium.support.PageFactory.proxyFields(PageFactory.java:117)
	at org.openqa.selenium.support.PageFactory.initElements(PageFactory.java:105)
	at objectRepositary.FullScreen_OR.&lt;init&gt;(FullScreen_OR.java:15)
	at vodafone.pages.FullScreenPage.&lt;init&gt;(FullScreenPage.java:25)
	at vodafone.scripts.FullScreenTestCase.FullScreenPage(FullScreenTestCase.java:15)
... Removed 28 stack frames</div></td></tr></table><p class="totop"><a href="#summary">back to summary</a></p><h3 id="m8">vodafone.scripts.HelpPageTestCase#HelpPage</h3><table class="result"><tr><th>Exception</th></tr><tr><td><div class="stacktrace">java.lang.IllegalArgumentException: Can not set static io.appium.java_client.android.AndroidElement field objectRepositary.HelpPage_OR.clickHambergerMenu to org.openqa.selenium.remote.RemoteWebElement$$EnhancerByCGLIB$$d27c0df4
	at org.openqa.selenium.support.PageFactory.proxyFields(PageFactory.java:117)
	at org.openqa.selenium.support.PageFactory.initElements(PageFactory.java:105)
	at objectRepositary.HelpPage_OR.&lt;init&gt;(HelpPage_OR.java:13)
	at vodafone.pages.HelpPage.&lt;init&gt;(HelpPage.java:24)
	at vodafone.scripts.HelpPageTestCase.HelpPage(HelpPageTestCase.java:16)
... Removed 28 stack frames</div></td></tr></table><p class="totop"><a href="#summary">back to summary</a></p><h3 id="m9">vodafone.scripts.MoviesFilterTestCase#MovieFilter</h3><table class="result"><tr><th>Exception</th></tr><tr><td><div class="stacktrace">java.lang.IllegalArgumentException: Can not set static io.appium.java_client.android.AndroidElement field objectRepositary.MoviesFilter_OR.clickMovies to org.openqa.selenium.remote.RemoteWebElement$$EnhancerByCGLIB$$d27c0df4
	at org.openqa.selenium.support.PageFactory.proxyFields(PageFactory.java:117)
	at org.openqa.selenium.support.PageFactory.initElements(PageFactory.java:105)
	at objectRepositary.MoviesFilter_OR.&lt;init&gt;(MoviesFilter_OR.java:17)
	at vodafone.pages.MoviesFilterPage.&lt;init&gt;(MoviesFilterPage.java:25)
	at vodafone.scripts.MoviesFilterTestCase.MovieFilter(MoviesFilterTestCase.java:14)
... Removed 28 stack frames</div></td></tr></table><p class="totop"><a href="#summary">back to summary</a></p><h3 id="m10">vodafone.scripts.MyDevicesTestCase#MyDevicesPage</h3><table class="result"><tr><th>Exception</th></tr><tr><td><div class="stacktrace">java.lang.IllegalArgumentException: Can not set static io.appium.java_client.android.AndroidElement field objectRepositary.MyDevices_OR.clickHambergerMenu to org.openqa.selenium.remote.RemoteWebElement$$EnhancerByCGLIB$$d27c0df4
	at org.openqa.selenium.support.PageFactory.proxyFields(PageFactory.java:117)
	at org.openqa.selenium.support.PageFactory.initElements(PageFactory.java:105)
	at objectRepositary.MyDevices_OR.&lt;init&gt;(MyDevices_OR.java:13)
	at vodafone.pages.MyDevicesPage.&lt;init&gt;(MyDevicesPage.java:23)
	at vodafone.scripts.MyDevicesTestCase.MyDevicesPage(MyDevicesTestCase.java:16)
... Removed 28 stack frames</div></td></tr></table><p class="totop"><a href="#summary">back to summary</a></p><h3 id="m11">vodafone.scripts.MyWatchlistTestCase#Mywatchlist</h3><table class="result"><tr><th>Exception</th></tr><tr><td><div class="stacktrace">java.lang.IllegalArgumentException: Can not set static io.appium.java_client.android.AndroidElement field objectRepositary.MyWatchlistAddingRemoving_OR.clickMoviestab to org.openqa.selenium.remote.RemoteWebElement$$EnhancerByCGLIB$$d27c0df4
	at org.openqa.selenium.support.PageFactory.proxyFields(PageFactory.java:117)
	at org.openqa.selenium.support.PageFactory.initElements(PageFactory.java:105)
	at objectRepositary.MyWatchlistAddingRemoving_OR.&lt;init&gt;(MyWatchlistAddingRemoving_OR.java:16)
	at vodafone.pages.MywatchlistPage.&lt;init&gt;(MywatchlistPage.java:25)
	at vodafone.scripts.MyWatchlistTestCase.Mywatchlist(MyWatchlistTestCase.java:16)
... Removed 28 stack frames</div></td></tr></table><p class="totop"><a href="#summary">back to summary</a></p><h3 id="m12">vodafone.scripts.SearchTestCase#Search</h3><table class="result"><tr><th>Exception</th></tr><tr><td><div class="stacktrace">java.lang.IllegalArgumentException: Can not set static io.appium.java_client.android.AndroidElement field objectRepositary.Search_OR.searchIcon to org.openqa.selenium.remote.RemoteWebElement$$EnhancerByCGLIB$$d27c0df4
	at org.openqa.selenium.support.PageFactory.proxyFields(PageFactory.java:117)
	at org.openqa.selenium.support.PageFactory.initElements(PageFactory.java:105)
	at objectRepositary.Search_OR.&lt;init&gt;(Search_OR.java:16)
	at vodafone.pages.SearchPage.&lt;init&gt;(SearchPage.java:28)
	at vodafone.scripts.SearchTestCase.Search(SearchTestCase.java:19)
... Removed 28 stack frames</div></td></tr></table><p class="totop"><a href="#summary">back to summary</a></p><h3 id="m13">vodafone.scripts.launchApptestcase#Applunch</h3><table class="result"><tr><th>Exception</th></tr><tr><td><div class="stacktrace">org.openqa.selenium.WebDriverException: It is impossible to create a new session because &apos;createSession&apos; which takes HttpClient, InputStream and long was not found or it is not accessible
Build info: version: &apos;3.14.0&apos;, revision: &apos;aacccce0&apos;, time: &apos;2018-08-02T20:19:58.91Z&apos;
System info: host: &apos;DESKTOP-QRMDR1F&apos;, ip: &apos;192.168.43.208&apos;, os.name: &apos;Windows 10&apos;, os.arch: &apos;amd64&apos;, os.version: &apos;10.0&apos;, java.version: &apos;1.8.0_211&apos;
Driver info: driver.version: AndroidDriver
	at io.appium.java_client.remote.AppiumCommandExecutor$1.createSession(AppiumCommandExecutor.java:195)
	at io.appium.java_client.remote.AppiumCommandExecutor.createSession(AppiumCommandExecutor.java:209)
	at io.appium.java_client.remote.AppiumCommandExecutor.execute(AppiumCommandExecutor.java:231)
	at org.openqa.selenium.remote.RemoteWebDriver.execute(RemoteWebDriver.java:548)
	at io.appium.java_client.DefaultGenericMobileDriver.execute(DefaultGenericMobileDriver.java:42)
	at io.appium.java_client.AppiumDriver.execute(AppiumDriver.java:1)
	at io.appium.java_client.android.AndroidDriver.execute(AndroidDriver.java:1)
	at org.openqa.selenium.remote.RemoteWebDriver.startSession(RemoteWebDriver.java:212)
	at org.openqa.selenium.remote.RemoteWebDriver.&lt;init&gt;(RemoteWebDriver.java:130)
	at io.appium.java_client.DefaultGenericMobileDriver.&lt;init&gt;(DefaultGenericMobileDriver.java:38)
	at io.appium.java_client.AppiumDriver.&lt;init&gt;(AppiumDriver.java:84)
	at io.appium.java_client.AppiumDriver.&lt;init&gt;(AppiumDriver.java:94)
	at io.appium.java_client.android.AndroidDriver.&lt;init&gt;(AndroidDriver.java:93)
	at vodafone.pages.Applaunch.startAppiumServer(Applaunch.java:96)
	at vodafone.scripts.launchApptestcase.Applunch(launchApptestcase.java:14)
	at io.appium.java_client.remote.AppiumCommandExecutor$1.createSession(AppiumCommandExecutor.java:185)
	... 38 more
Caused by: org.openqa.selenium.WebDriverException: An unknown server-side error occurred while processing the command. Original error: Error executing adbExec. Original error: &apos;Command &apos;D:\\Android\\platform-tools\\adb.exe -P 5037 -s 42009305d320a4a5 shell pm install -r /data/local/tmp/appium_cache/0cc1725a60a05dbb5d0d09256f2fc6ece7e3b10f.apk&apos; timed out after 20000ms&apos;. Try to increase the 20000ms adb execution timeout represented by &apos;uiautomator2ServerInstallTimeout&apos; capability
Build info: version: &apos;3.14.0&apos;, revision: &apos;aacccce0&apos;, time: &apos;2018-08-02T20:19:58.91Z&apos;
System info: host: &apos;DESKTOP-QRMDR1F&apos;, ip: &apos;192.168.43.208&apos;, os.name: &apos;Windows 10&apos;, os.arch: &apos;amd64&apos;, os.version: &apos;10.0&apos;, java.version: &apos;1.8.0_211&apos;
Driver info: driver.version: AndroidDriver
remote stacktrace: UnknownError: An unknown server-side error occurred while processing the command. Original error: Error executing adbExec. Original error: &apos;Command &apos;D:\\Android\\platform-tools\\adb.exe -P 5037 -s 42009305d320a4a5 shell pm install -r /data/local/tmp/appium_cache/0cc1725a60a05dbb5d0d09256f2fc6ece7e3b10f.apk&apos; timed out after 20000ms&apos;. Try to increase the 20000ms adb execution timeout represented by &apos;uiautomator2ServerInstallTimeout&apos; capability
    at getResponseForW3CError (C:\Users\Apalya\AppData\Roaming\npm\node_modules\appium\node_modules\appium-base-driver\lib\protocol\errors.js:826:9)
    at asyncHandler (C:\Users\Apalya\AppData\Roaming\npm\node_modules\appium\node_modules\appium-base-driver\lib\protocol\protocol.js:388:37)
	at org.openqa.selenium.remote.W3CHandshakeResponse.lambda$new$0(W3CHandshakeResponse.java:57)
	at org.openqa.selenium.remote.W3CHandshakeResponse.lambda$getResponseFunction$2(W3CHandshakeResponse.java:104)
	at org.openqa.selenium.remote.ProtocolHandshake.lambda$createSession$0(ProtocolHandshake.java:122)
	at java.util.stream.ReferencePipeline$3$1.accept(Unknown Source)
	at java.util.Spliterators$ArraySpliterator.tryAdvance(Unknown Source)
	at java.util.stream.ReferencePipeline.forEachWithCancel(Unknown Source)
	at java.util.stream.AbstractPipeline.copyIntoWithCancel(Unknown Source)
	at java.util.stream.AbstractPipeline.copyInto(Unknown Source)
	at java.util.stream.AbstractPipeline.wrapAndCopyInto(Unknown Source)
	at java.util.stream.FindOps$FindOp.evaluateSequential(Unknown Source)
	at java.util.stream.AbstractPipeline.evaluate(Unknown Source)
	at java.util.stream.ReferencePipeline.findFirst(Unknown Source)
	at org.openqa.selenium.remote.ProtocolHandshake.createSession(ProtocolHandshake.java:125)
	... 43 more
... Removed 33 stack frames</div></td></tr></table><p class="totop"><a href="#summary">back to summary</a></p></body></html>