<?xml version="1.0" encoding="UTF-8"?>
<!-- Generated by org.testng.reporters.JUnitXMLReporter -->
<testsuite hostname="DESKTOP-QRMDR1F" name="Test" tests="14" failures="14" timestamp="22 Sep 2020 09:43:19 GMT" time="36.056" errors="0">
  <testcase name="Applunch" time="35.827" classname="vodafone.scripts.launchApptestcase">
    <failure type="org.openqa.selenium.WebDriverException" message="It is impossible to create a new session because &amp;apos;createSession&amp;apos; which takes HttpClient, InputStream and long was not found or it is not accessible
Build info: version: &amp;apos;3.14.0&amp;apos;, revision: &amp;apos;aacccce0&amp;apos;, time: &amp;apos;2018-08-02T20:19:58.91Z&amp;apos;
System info: host: &amp;apos;DESKTOP-QRMDR1F&amp;apos;, ip: &amp;apos;192.168.43.208&amp;apos;, os.name: &amp;apos;Windows 10&amp;apos;, os.arch: &amp;apos;amd64&amp;apos;, os.version: &amp;apos;10.0&amp;apos;, java.version: &amp;apos;1.8.0_211&amp;apos;
Driver info: driver.version: AndroidDriver">
      <![CDATA[org.openqa.selenium.WebDriverException: It is impossible to create a new session because 'createSession' which takes HttpClient, InputStream and long was not found or it is not accessible
Build info: version: '3.14.0', revision: 'aacccce0', time: '2018-08-02T20:19:58.91Z'
System info: host: 'DESKTOP-QRMDR1F', ip: '192.168.43.208', os.name: 'Windows 10', os.arch: 'amd64', os.version: '10.0', java.version: '1.8.0_211'
Driver info: driver.version: AndroidDriver
	at io.appium.java_client.remote.AppiumCommandExecutor$1.createSession(AppiumCommandExecutor.java:195)
	at io.appium.java_client.remote.AppiumCommandExecutor.createSession(AppiumCommandExecutor.java:209)
	at io.appium.java_client.remote.AppiumCommandExecutor.execute(AppiumCommandExecutor.java:231)
	at org.openqa.selenium.remote.RemoteWebDriver.execute(RemoteWebDriver.java:548)
	at io.appium.java_client.DefaultGenericMobileDriver.execute(DefaultGenericMobileDriver.java:42)
	at io.appium.java_client.AppiumDriver.execute(AppiumDriver.java:1)
	at io.appium.java_client.android.AndroidDriver.execute(AndroidDriver.java:1)
	at org.openqa.selenium.remote.RemoteWebDriver.startSession(RemoteWebDriver.java:212)
	at org.openqa.selenium.remote.RemoteWebDriver.<init>(RemoteWebDriver.java:130)
	at io.appium.java_client.DefaultGenericMobileDriver.<init>(DefaultGenericMobileDriver.java:38)
	at io.appium.java_client.AppiumDriver.<init>(AppiumDriver.java:84)
	at io.appium.java_client.AppiumDriver.<init>(AppiumDriver.java:94)
	at io.appium.java_client.android.AndroidDriver.<init>(AndroidDriver.java:93)
	at vodafone.pages.Applaunch.startAppiumServer(Applaunch.java:96)
	at vodafone.scripts.launchApptestcase.Applunch(launchApptestcase.java:14)
	at io.appium.java_client.remote.AppiumCommandExecutor$1.createSession(AppiumCommandExecutor.java:185)
	... 38 more
Caused by: org.openqa.selenium.WebDriverException: An unknown server-side error occurred while processing the command. Original error: Error executing adbExec. Original error: 'Command 'D:\\Android\\platform-tools\\adb.exe -P 5037 -s 42009305d320a4a5 shell pm install -r /data/local/tmp/appium_cache/0cc1725a60a05dbb5d0d09256f2fc6ece7e3b10f.apk' timed out after 20000ms'. Try to increase the 20000ms adb execution timeout represented by 'uiautomator2ServerInstallTimeout' capability
Build info: version: '3.14.0', revision: 'aacccce0', time: '2018-08-02T20:19:58.91Z'
System info: host: 'DESKTOP-QRMDR1F', ip: '192.168.43.208', os.name: 'Windows 10', os.arch: 'amd64', os.version: '10.0', java.version: '1.8.0_211'
Driver info: driver.version: AndroidDriver
remote stacktrace: UnknownError: An unknown server-side error occurred while processing the command. Original error: Error executing adbExec. Original error: 'Command 'D:\\Android\\platform-tools\\adb.exe -P 5037 -s 42009305d320a4a5 shell pm install -r /data/local/tmp/appium_cache/0cc1725a60a05dbb5d0d09256f2fc6ece7e3b10f.apk' timed out after 20000ms'. Try to increase the 20000ms adb execution timeout represented by 'uiautomator2ServerInstallTimeout' capability
    at getResponseForW3CError (C:\Users\Apalya\AppData\Roaming\npm\node_modules\appium\node_modules\appium-base-driver\lib\protocol\errors.js:826:9)
    at asyncHandler (C:\Users\Apalya\AppData\Roaming\npm\node_modules\appium\node_modules\appium-base-driver\lib\protocol\protocol.js:388:37)
	at org.openqa.selenium.remote.W3CHandshakeResponse.lambda$new$0(W3CHandshakeResponse.java:57)
	at org.openqa.selenium.remote.W3CHandshakeResponse.lambda$getResponseFunction$2(W3CHandshakeResponse.java:104)
	at org.openqa.selenium.remote.ProtocolHandshake.lambda$createSession$0(ProtocolHandshake.java:122)
	at java.util.stream.ReferencePipeline$3$1.accept(Unknown Source)
	at java.util.Spliterators$ArraySpliterator.tryAdvance(Unknown Source)
	at java.util.stream.ReferencePipeline.forEachWithCancel(Unknown Source)
	at java.util.stream.AbstractPipeline.copyIntoWithCancel(Unknown Source)
	at java.util.stream.AbstractPipeline.copyInto(Unknown Source)
	at java.util.stream.AbstractPipeline.wrapAndCopyInto(Unknown Source)
	at java.util.stream.FindOps$FindOp.evaluateSequential(Unknown Source)
	at java.util.stream.AbstractPipeline.evaluate(Unknown Source)
	at java.util.stream.ReferencePipeline.findFirst(Unknown Source)
	at org.openqa.selenium.remote.ProtocolHandshake.createSession(ProtocolHandshake.java:125)
	... 43 more
... Removed 33 stack frames]]>
    </failure>
  </testcase> <!-- Applunch -->
  <testcase name="BannerscrollingPage" time="0.088" classname="vodafone.scripts.BannersScrollingTestCase">
    <failure type="java.lang.IllegalArgumentException" message="Can not set static io.appium.java_client.android.AndroidElement field objectRepositary.BannersScrolling_OR.Bannerchange to org.openqa.selenium.remote.RemoteWebElement$$EnhancerByCGLIB$$d27c0df4">
      <![CDATA[java.lang.IllegalArgumentException: Can not set static io.appium.java_client.android.AndroidElement field objectRepositary.BannersScrolling_OR.Bannerchange to org.openqa.selenium.remote.RemoteWebElement$$EnhancerByCGLIB$$d27c0df4
	at org.openqa.selenium.support.PageFactory.proxyFields(PageFactory.java:117)
	at org.openqa.selenium.support.PageFactory.initElements(PageFactory.java:105)
	at objectRepositary.BannersScrolling_OR.<init>(BannersScrolling_OR.java:13)
	at vodafone.pages.BannersScrollingpage.<init>(BannersScrollingpage.java:19)
	at vodafone.scripts.BannersScrollingTestCase.BannerscrollingPage(BannersScrollingTestCase.java:16)
... Removed 28 stack frames]]>
    </failure>
  </testcase> <!-- BannerscrollingPage -->
  <testcase name="FullScreenPage" time="0.002" classname="vodafone.scripts.FullScreenTestCase">
    <failure type="java.lang.IllegalArgumentException" message="Can not set static io.appium.java_client.android.AndroidElement field objectRepositary.FullScreen_OR.PartnerName to org.openqa.selenium.remote.RemoteWebElement$$EnhancerByCGLIB$$d27c0df4">
      <![CDATA[java.lang.IllegalArgumentException: Can not set static io.appium.java_client.android.AndroidElement field objectRepositary.FullScreen_OR.PartnerName to org.openqa.selenium.remote.RemoteWebElement$$EnhancerByCGLIB$$d27c0df4
	at org.openqa.selenium.support.PageFactory.proxyFields(PageFactory.java:117)
	at org.openqa.selenium.support.PageFactory.initElements(PageFactory.java:105)
	at objectRepositary.FullScreen_OR.<init>(FullScreen_OR.java:15)
	at vodafone.pages.FullScreenPage.<init>(FullScreenPage.java:25)
	at vodafone.scripts.FullScreenTestCase.FullScreenPage(FullScreenTestCase.java:15)
... Removed 28 stack frames]]>
    </failure>
  </testcase> <!-- FullScreenPage -->
  <testcase name="BitratePage" time="0.001" classname="vodafone.scripts.BitratesTestCase">
    <failure type="java.lang.IllegalArgumentException" message="Can not set static io.appium.java_client.android.AndroidElement field objectRepositary.Bitrates_OR.downarrow to org.openqa.selenium.remote.RemoteWebElement$$EnhancerByCGLIB$$d27c0df4">
      <![CDATA[java.lang.IllegalArgumentException: Can not set static io.appium.java_client.android.AndroidElement field objectRepositary.Bitrates_OR.downarrow to org.openqa.selenium.remote.RemoteWebElement$$EnhancerByCGLIB$$d27c0df4
	at org.openqa.selenium.support.PageFactory.proxyFields(PageFactory.java:117)
	at org.openqa.selenium.support.PageFactory.initElements(PageFactory.java:105)
	at objectRepositary.Bitrates_OR.<init>(Bitrates_OR.java:16)
	at vodafone.pages.BitratePage.<init>(BitratePage.java:21)
	at vodafone.scripts.BitratesTestCase.BitratePage(BitratesTestCase.java:16)
... Removed 28 stack frames]]>
    </failure>
  </testcase> <!-- BitratePage -->
  <testcase name="Search" time="0.022" classname="vodafone.scripts.SearchTestCase">
    <failure type="java.lang.IllegalArgumentException" message="Can not set static io.appium.java_client.android.AndroidElement field objectRepositary.Search_OR.searchIcon to org.openqa.selenium.remote.RemoteWebElement$$EnhancerByCGLIB$$d27c0df4">
      <![CDATA[java.lang.IllegalArgumentException: Can not set static io.appium.java_client.android.AndroidElement field objectRepositary.Search_OR.searchIcon to org.openqa.selenium.remote.RemoteWebElement$$EnhancerByCGLIB$$d27c0df4
	at org.openqa.selenium.support.PageFactory.proxyFields(PageFactory.java:117)
	at org.openqa.selenium.support.PageFactory.initElements(PageFactory.java:105)
	at objectRepositary.Search_OR.<init>(Search_OR.java:16)
	at vodafone.pages.SearchPage.<init>(SearchPage.java:28)
	at vodafone.scripts.SearchTestCase.Search(SearchTestCase.java:19)
... Removed 28 stack frames]]>
    </failure>
  </testcase> <!-- Search -->
  <testcase name="Mywatchlist" time="0.002" classname="vodafone.scripts.MyWatchlistTestCase">
    <failure type="java.lang.IllegalArgumentException" message="Can not set static io.appium.java_client.android.AndroidElement field objectRepositary.MyWatchlistAddingRemoving_OR.clickMoviestab to org.openqa.selenium.remote.RemoteWebElement$$EnhancerByCGLIB$$d27c0df4">
      <![CDATA[java.lang.IllegalArgumentException: Can not set static io.appium.java_client.android.AndroidElement field objectRepositary.MyWatchlistAddingRemoving_OR.clickMoviestab to org.openqa.selenium.remote.RemoteWebElement$$EnhancerByCGLIB$$d27c0df4
	at org.openqa.selenium.support.PageFactory.proxyFields(PageFactory.java:117)
	at org.openqa.selenium.support.PageFactory.initElements(PageFactory.java:105)
	at objectRepositary.MyWatchlistAddingRemoving_OR.<init>(MyWatchlistAddingRemoving_OR.java:16)
	at vodafone.pages.MywatchlistPage.<init>(MywatchlistPage.java:25)
	at vodafone.scripts.MyWatchlistTestCase.Mywatchlist(MyWatchlistTestCase.java:16)
... Removed 28 stack frames]]>
    </failure>
  </testcase> <!-- Mywatchlist -->
  <testcase name="DownloadPage" time="0.036" classname="vodafone.scripts.DownloadTestCase">
    <failure type="java.lang.IllegalArgumentException" message="Can not set static io.appium.java_client.android.AndroidElement field objectRepositary.Download_OR.clickMovies to org.openqa.selenium.remote.RemoteWebElement$$EnhancerByCGLIB$$d27c0df4">
      <![CDATA[java.lang.IllegalArgumentException: Can not set static io.appium.java_client.android.AndroidElement field objectRepositary.Download_OR.clickMovies to org.openqa.selenium.remote.RemoteWebElement$$EnhancerByCGLIB$$d27c0df4
	at org.openqa.selenium.support.PageFactory.proxyFields(PageFactory.java:117)
	at org.openqa.selenium.support.PageFactory.initElements(PageFactory.java:105)
	at vodafone.pages.DownloadPage.<init>(DownloadPage.java:20)
	at vodafone.scripts.DownloadTestCase.DownloadPage(DownloadTestCase.java:13)
... Removed 28 stack frames]]>
    </failure>
  </testcase> <!-- DownloadPage -->
  <testcase name="MovieFilter" time="0.005" classname="vodafone.scripts.MoviesFilterTestCase">
    <failure type="java.lang.IllegalArgumentException" message="Can not set static io.appium.java_client.android.AndroidElement field objectRepositary.MoviesFilter_OR.clickMovies to org.openqa.selenium.remote.RemoteWebElement$$EnhancerByCGLIB$$d27c0df4">
      <![CDATA[java.lang.IllegalArgumentException: Can not set static io.appium.java_client.android.AndroidElement field objectRepositary.MoviesFilter_OR.clickMovies to org.openqa.selenium.remote.RemoteWebElement$$EnhancerByCGLIB$$d27c0df4
	at org.openqa.selenium.support.PageFactory.proxyFields(PageFactory.java:117)
	at org.openqa.selenium.support.PageFactory.initElements(PageFactory.java:105)
	at objectRepositary.MoviesFilter_OR.<init>(MoviesFilter_OR.java:17)
	at vodafone.pages.MoviesFilterPage.<init>(MoviesFilterPage.java:25)
	at vodafone.scripts.MoviesFilterTestCase.MovieFilter(MoviesFilterTestCase.java:14)
... Removed 28 stack frames]]>
    </failure>
  </testcase> <!-- MovieFilter -->
  <testcase name="AppSettings" time="0.004" classname="vodafone.scripts.AppSettingsTestCase">
    <failure type="java.lang.IllegalArgumentException" message="Can not set static io.appium.java_client.android.AndroidElement field objectRepositary.AppSettings_OR.PrintText to org.openqa.selenium.remote.RemoteWebElement$$EnhancerByCGLIB$$d27c0df4">
      <![CDATA[java.lang.IllegalArgumentException: Can not set static io.appium.java_client.android.AndroidElement field objectRepositary.AppSettings_OR.PrintText to org.openqa.selenium.remote.RemoteWebElement$$EnhancerByCGLIB$$d27c0df4
	at org.openqa.selenium.support.PageFactory.proxyFields(PageFactory.java:117)
	at org.openqa.selenium.support.PageFactory.initElements(PageFactory.java:105)
	at objectRepositary.AppSettings_OR.<init>(AppSettings_OR.java:14)
	at vodafone.pages.AppSettings.<init>(AppSettings.java:18)
	at vodafone.scripts.AppSettingsTestCase.AppSettings(AppSettingsTestCase.java:15)
... Removed 28 stack frames]]>
    </failure>
  </testcase> <!-- AppSettings -->
  <testcase name="HelpPage" time="0.002" classname="vodafone.scripts.HelpPageTestCase">
    <failure type="java.lang.IllegalArgumentException" message="Can not set static io.appium.java_client.android.AndroidElement field objectRepositary.HelpPage_OR.clickHambergerMenu to org.openqa.selenium.remote.RemoteWebElement$$EnhancerByCGLIB$$d27c0df4">
      <![CDATA[java.lang.IllegalArgumentException: Can not set static io.appium.java_client.android.AndroidElement field objectRepositary.HelpPage_OR.clickHambergerMenu to org.openqa.selenium.remote.RemoteWebElement$$EnhancerByCGLIB$$d27c0df4
	at org.openqa.selenium.support.PageFactory.proxyFields(PageFactory.java:117)
	at org.openqa.selenium.support.PageFactory.initElements(PageFactory.java:105)
	at objectRepositary.HelpPage_OR.<init>(HelpPage_OR.java:13)
	at vodafone.pages.HelpPage.<init>(HelpPage.java:24)
	at vodafone.scripts.HelpPageTestCase.HelpPage(HelpPageTestCase.java:16)
... Removed 28 stack frames]]>
    </failure>
  </testcase> <!-- HelpPage -->
  <testcase name="MyDevicesPage" time="0.002" classname="vodafone.scripts.MyDevicesTestCase">
    <failure type="java.lang.IllegalArgumentException" message="Can not set static io.appium.java_client.android.AndroidElement field objectRepositary.MyDevices_OR.clickHambergerMenu to org.openqa.selenium.remote.RemoteWebElement$$EnhancerByCGLIB$$d27c0df4">
      <![CDATA[java.lang.IllegalArgumentException: Can not set static io.appium.java_client.android.AndroidElement field objectRepositary.MyDevices_OR.clickHambergerMenu to org.openqa.selenium.remote.RemoteWebElement$$EnhancerByCGLIB$$d27c0df4
	at org.openqa.selenium.support.PageFactory.proxyFields(PageFactory.java:117)
	at org.openqa.selenium.support.PageFactory.initElements(PageFactory.java:105)
	at objectRepositary.MyDevices_OR.<init>(MyDevices_OR.java:13)
	at vodafone.pages.MyDevicesPage.<init>(MyDevicesPage.java:23)
	at vodafone.scripts.MyDevicesTestCase.MyDevicesPage(MyDevicesTestCase.java:16)
... Removed 28 stack frames]]>
    </failure>
  </testcase> <!-- MyDevicesPage -->
  <testcase name="CLanguagePage" time="0.001" classname="vodafone.scripts.CLanguageTestCase">
    <failure type="java.lang.IllegalArgumentException" message="Can not set static io.appium.java_client.android.AndroidElement field objectRepositary.ContentLanguages_OR.HambergerMenu to org.openqa.selenium.remote.RemoteWebElement$$EnhancerByCGLIB$$d27c0df4">
      <![CDATA[java.lang.IllegalArgumentException: Can not set static io.appium.java_client.android.AndroidElement field objectRepositary.ContentLanguages_OR.HambergerMenu to org.openqa.selenium.remote.RemoteWebElement$$EnhancerByCGLIB$$d27c0df4
	at org.openqa.selenium.support.PageFactory.proxyFields(PageFactory.java:117)
	at org.openqa.selenium.support.PageFactory.initElements(PageFactory.java:105)
	at objectRepositary.ContentLanguages_OR.<init>(ContentLanguages_OR.java:15)
	at vodafone.pages.CLanguagePage.<init>(CLanguagePage.java:29)
	at vodafone.scripts.CLanguageTestCase.CLanguagePage(CLanguageTestCase.java:12)
... Removed 28 stack frames]]>
    </failure>
  </testcase> <!-- CLanguagePage -->
  <testcase name="CPicon" time="0.001" classname="vodafone.scripts.CPiconTestCase">
    <failure type="java.lang.IllegalArgumentException" message="Can not set static io.appium.java_client.android.AndroidElement field objectRepositary.CPicons_OR.clickHambergerMenu to org.openqa.selenium.remote.RemoteWebElement$$EnhancerByCGLIB$$d27c0df4">
      <![CDATA[java.lang.IllegalArgumentException: Can not set static io.appium.java_client.android.AndroidElement field objectRepositary.CPicons_OR.clickHambergerMenu to org.openqa.selenium.remote.RemoteWebElement$$EnhancerByCGLIB$$d27c0df4
	at org.openqa.selenium.support.PageFactory.proxyFields(PageFactory.java:117)
	at org.openqa.selenium.support.PageFactory.initElements(PageFactory.java:105)
	at objectRepositary.CPicons_OR.<init>(CPicons_OR.java:16)
	at vodafone.pages.CPiconsPage1.<init>(CPiconsPage1.java:26)
	at vodafone.scripts.CPiconTestCase.CPicon(CPiconTestCase.java:21)
... Removed 28 stack frames]]>
    </failure>
  </testcase> <!-- CPicon -->
  <testcase name="Exitapp" time="0.036" classname="vodafone.scripts.ExitappTestCase">
    <failure type="java.lang.IllegalArgumentException" message="Can not set static io.appium.java_client.android.AndroidElement field objectRepositary.ExitApp_OR.Exitpopupheading to org.openqa.selenium.remote.RemoteWebElement$$EnhancerByCGLIB$$d27c0df4">
      <![CDATA[java.lang.IllegalArgumentException: Can not set static io.appium.java_client.android.AndroidElement field objectRepositary.ExitApp_OR.Exitpopupheading to org.openqa.selenium.remote.RemoteWebElement$$EnhancerByCGLIB$$d27c0df4
	at org.openqa.selenium.support.PageFactory.proxyFields(PageFactory.java:117)
	at org.openqa.selenium.support.PageFactory.initElements(PageFactory.java:105)
	at objectRepositary.ExitApp_OR.<init>(ExitApp_OR.java:13)
	at vodafone.pages.ExitappPage.<init>(ExitappPage.java:27)
	at vodafone.scripts.ExitappTestCase.Exitapp(ExitappTestCase.java:17)
... Removed 28 stack frames]]>
    </failure>
  </testcase> <!-- Exitapp -->
</testsuite> <!-- Test -->
